app/build/intermediates/manifest_merge_blame_file/debug/manifest-merger-blame-debug-report.txt
1<?xml version="1.0" encoding="utf-8"?>
2<manifest xmlns:android="http://schemas.android.com/apk/res/android"
3    package="com.example.composetest"
4    android:versionCode="1"
5    android:versionName="1.0" >
6
7    <uses-sdk
8        android:minSdkVersion="21"
8-->src\main\AndroidManifest.xml
9        android:targetSdkVersion="29" />
9-->src\main\AndroidManifest.xml
10
11    <application
11-->src\main\AndroidManifest.xml:5:5-20:19
12        android:allowBackup="true"
12-->src\main\AndroidManifest.xml:6:9-35
13        android:appComponentFactory="androidx.core.app.CoreComponentFactory"
13-->[androidx.core:core:1.1.0] AndroidManifest.xml:24:18-86
14        android:debuggable="true"
15        android:icon="@mipmap/ic_launcher"
15-->src\main\AndroidManifest.xml:7:9-43
16        android:label="@string/app_name"
16-->src\main\AndroidManifest.xml:8:9-41
17        android:roundIcon="@mipmap/ic_launcher_round"
17-->src\main\AndroidManifest.xml:9:9-54
18        android:supportsRtl="true"
18-->src\main\AndroidManifest.xml:10:9-35
19        android:theme="@style/AppTheme" >
19-->src\main\AndroidManifest.xml:11:9-40
20        <activity
20-->src\main\AndroidManifest.xml:12:9-15:59
21            android:name="com.example.composetest.example1.StandardUI"
21-->src\main\AndroidManifest.xml:13:13-48
22            android:label="@string/title_activity_standard_ui"
22-->src\main\AndroidManifest.xml:14:13-63
23            android:theme="@style/AppTheme.NoActionBar" />
23-->src\main\AndroidManifest.xml:15:13-56
24        <activity android:name="com.example.composetest.example2.DatabindingUI" />
24-->src\main\AndroidManifest.xml:16:9-59
24-->src\main\AndroidManifest.xml:16:19-57
25        <activity android:name="com.example.composetest.example3.CodeUI" />
25-->src\main\AndroidManifest.xml:17:9-52
25-->src\main\AndroidManifest.xml:17:19-50
26        <activity android:name="com.example.composetest.example3.CodeUIRefactor" />
26-->src\main\AndroidManifest.xml:18:9-60
26-->src\main\AndroidManifest.xml:18:19-58
27        <activity android:name="com.example.composetest.example4.JetpackComposeUI" />
27-->src\main\AndroidManifest.xml:19:9-62
27-->src\main\AndroidManifest.xml:19:19-60
28    </application>
29
30</manifest>